<?xml version="1.0" encoding="UTF-8"?>
<!-- Generated by org.testng.reporters.JUnitXMLReporter -->
<testsuite ignored="0" hostname="HR-47" failures="0" tests="10" name="Default test" time="0.104" errors="0" timestamp="2024-04-03T10:50:52 IST">
  <testcase classname="Day11.invocationCountDemo" name="test" time="0.01"/>
  <testcase classname="Day11.invocationCountDemo" name="test" time="0.002"/>
  <testcase classname="Day11.invocationCountDemo" name="test" time="0.002"/>
  <testcase classname="Day11.invocationCountDemo" name="test" time="0.002"/>
  <testcase classname="Day11.invocationCountDemo" name="test" time="0.002"/>
  <testcase classname="Day11.invocationCountDemo" name="test" time="0.002"/>
  <testcase classname="Day11.invocationCountDemo" name="test" time="0.001"/>
  <testcase classname="Day11.invocationCountDemo" name="test" time="0.001"/>
  <testcase classname="Day11.invocationCountDemo" name="test" time="0.001"/>
  <testcase classname="Day11.invocationCountDemo" name="test" time="0.003"/>
</testsuite> <!-- Default test -->
