<?xml version="1.0" encoding="UTF-8"?>
<!-- Generated by org.testng.reporters.JUnitXMLReporter -->
<testsuite ignored="6" hostname="HR-47" failures="0" tests="3" name="mygroup" time="0.061" errors="0" timestamp="2023-09-06T20:29:36 IST">
  <testcase classname="Day11.GroupingDemo" name="signupbyfacebook" time="0.006"/>
  <testcase classname="Day11.GroupingDemo" name="signupbytwitter" time="0.002"/>
  <testcase classname="Day11.GroupingDemo" name="paymentReturnbyBank" time="0.001"/>
  <testcase classname="Day11.GroupingDemo" name="paymentindollar" time="0.0">
    <ignored/>
  </testcase> <!-- paymentindollar -->
  <testcase classname="Day11.GroupingDemo" name="loginByEmail" time="0.0">
    <ignored/>
  </testcase> <!-- loginByEmail -->
  <testcase classname="Day11.GroupingDemo" name="paymentinrupees" time="0.0">
    <ignored/>
  </testcase> <!-- paymentinrupees -->
  <testcase classname="Day11.GroupingDemo" name="signupbyemail" time="0.0">
    <ignored/>
  </testcase> <!-- signupbyemail -->
  <testcase classname="Day11.GroupingDemo" name="loginBytwitter" time="0.0">
    <ignored/>
  </testcase> <!-- loginBytwitter -->
  <testcase classname="Day11.GroupingDemo" name="loginByfacebook" time="0.0">
    <ignored/>
  </testcase> <!-- loginByfacebook -->
</testsuite> <!-- mygroup -->
