<?xml version="1.0" encoding="UTF-8"?>
<!-- Generated by org.testng.reporters.JUnitXMLReporter -->
<testsuite ignored="0" hostname="HR-47" failures="2" tests="2" name="Test121" time="10.264" errors="0" timestamp="2024-08-05T15:59:51 IST">
  <testcase classname="Day11.DataProviderDemo" name="testLogin" time="6.842">
    <failure type="java.lang.AssertionError" message="expected [nopCommerce demo store. Login] but found [nopCommerce demo store]">
      <![CDATA[java.lang.AssertionError: expected [nopCommerce demo store. Login] but found [nopCommerce demo store]
at Day11.DataProviderDemo.testLogin(DataProviderDemo.java:30)
at java.base/java.util.ArrayList.forEach(ArrayList.java:1511)
... Removed 35 stack frames]]>
    </failure>
  </testcase> <!-- testLogin -->
  <testcase classname="Day11.DataProviderDemo" name="testLogin" time="1.23">
    <failure type="java.lang.AssertionError" message="expected [nopCommerce demo store. Login] but found [nopCommerce demo store]">
      <![CDATA[java.lang.AssertionError: expected [nopCommerce demo store. Login] but found [nopCommerce demo store]
at Day11.DataProviderDemo.testLogin(DataProviderDemo.java:30)
at java.base/java.util.ArrayList.forEach(ArrayList.java:1511)
... Removed 35 stack frames]]>
    </failure>
  </testcase> <!-- testLogin -->
</testsuite> <!-- Test121 -->
