<?xml version="1.0" encoding="UTF-8"?>
<testng-results ignored="0" total="2" passed="2" failed="0" skipped="0">
  <reporter-output>
  </reporter-output>
  <suite started-at="2023-09-14T12:18:09 IST" name="Suite121" finished-at="2023-09-14T12:18:19 IST" duration-ms="10213">
    <groups>
    </groups>
    <test started-at="2023-09-14T12:18:09 IST" name="Test121" finished-at="2023-09-14T12:18:19 IST" duration-ms="10213">
      <class name="Day11.DataProviderDemo">
        <test-method is-config="true" signature="setup()[pri:0, instance:Day11.DataProviderDemo@4b8ee4de]" started-at="2023-09-14T12:18:09 IST" name="setup" finished-at="2023-09-14T12:18:12 IST" duration-ms="3868" status="PASS">
          <reporter-output>
          </reporter-output>
        </test-method> <!-- setup -->
        <test-method signature="testLogin(java.lang.String,java.lang.String)[pri:0, instance:Day11.DataProviderDemo@4b8ee4de]" started-at="2023-09-14T12:18:12 IST" name="testLogin" data-provider="dp" finished-at="2023-09-14T12:18:17 IST" duration-ms="4451" status="PASS">
          <params>
            <param index="0">
              <value>
                <![CDATA[David@gmail.com]]>
              </value>
            </param>
            <param index="1">
              <value>
                <![CDATA[test123]]>
              </value>
            </param>
          </params>
          <reporter-output>
          </reporter-output>
        </test-method> <!-- testLogin -->
        <test-method signature="testLogin(java.lang.String,java.lang.String)[pri:0, instance:Day11.DataProviderDemo@4b8ee4de]" started-at="2023-09-14T12:18:17 IST" name="testLogin" data-provider="dp" finished-at="2023-09-14T12:18:18 IST" duration-ms="1515" status="PASS">
          <params>
            <param index="0">
              <value>
                <![CDATA[John@gmail.com]]>
              </value>
            </param>
            <param index="1">
              <value>
                <![CDATA[test123]]>
              </value>
            </param>
          </params>
          <reporter-output>
          </reporter-output>
        </test-method> <!-- testLogin -->
        <test-method is-config="true" signature="tearDown()[pri:0, instance:Day11.DataProviderDemo@4b8ee4de]" started-at="2023-09-14T12:18:18 IST" name="tearDown" finished-at="2023-09-14T12:18:19 IST" duration-ms="336" status="PASS">
          <reporter-output>
          </reporter-output>
        </test-method> <!-- tearDown -->
      </class> <!-- Day11.DataProviderDemo -->
    </test> <!-- Test121 -->
  </suite> <!-- Suite121 -->
</testng-results>
