<?xml version="1.0" encoding="UTF-8"?>
<testng-results ignored="0" total="10" passed="10" failed="0" skipped="0">
  <reporter-output>
  </reporter-output>
  <suite started-at="2024-04-03T10:50:52 IST" name="Default suite" finished-at="2024-04-03T10:50:52 IST" duration-ms="104">
    <groups>
    </groups>
    <test started-at="2024-04-03T10:50:52 IST" name="Default test" finished-at="2024-04-03T10:50:52 IST" duration-ms="104">
      <class name="Day11.invocationCountDemo">
        <test-method signature="test()[pri:0, instance:Day11.invocationCountDemo@489115ef]" started-at="2024-04-03T10:50:52 IST" name="test" finished-at="2024-04-03T10:50:52 IST" duration-ms="10" status="PASS">
          <reporter-output>
          </reporter-output>
        </test-method> <!-- test -->
        <test-method signature="test()[pri:0, instance:Day11.invocationCountDemo@489115ef]" started-at="2024-04-03T10:50:52 IST" name="test" finished-at="2024-04-03T10:50:52 IST" duration-ms="2" status="PASS">
          <reporter-output>
          </reporter-output>
        </test-method> <!-- test -->
        <test-method signature="test()[pri:0, instance:Day11.invocationCountDemo@489115ef]" started-at="2024-04-03T10:50:52 IST" name="test" finished-at="2024-04-03T10:50:52 IST" duration-ms="2" status="PASS">
          <reporter-output>
          </reporter-output>
        </test-method> <!-- test -->
        <test-method signature="test()[pri:0, instance:Day11.invocationCountDemo@489115ef]" started-at="2024-04-03T10:50:52 IST" name="test" finished-at="2024-04-03T10:50:52 IST" duration-ms="2" status="PASS">
          <reporter-output>
          </reporter-output>
        </test-method> <!-- test -->
        <test-method signature="test()[pri:0, instance:Day11.invocationCountDemo@489115ef]" started-at="2024-04-03T10:50:52 IST" name="test" finished-at="2024-04-03T10:50:52 IST" duration-ms="2" status="PASS">
          <reporter-output>
          </reporter-output>
        </test-method> <!-- test -->
        <test-method signature="test()[pri:0, instance:Day11.invocationCountDemo@489115ef]" started-at="2024-04-03T10:50:52 IST" name="test" finished-at="2024-04-03T10:50:52 IST" duration-ms="2" status="PASS">
          <reporter-output>
          </reporter-output>
        </test-method> <!-- test -->
        <test-method signature="test()[pri:0, instance:Day11.invocationCountDemo@489115ef]" started-at="2024-04-03T10:50:52 IST" name="test" finished-at="2024-04-03T10:50:52 IST" duration-ms="1" status="PASS">
          <reporter-output>
          </reporter-output>
        </test-method> <!-- test -->
        <test-method signature="test()[pri:0, instance:Day11.invocationCountDemo@489115ef]" started-at="2024-04-03T10:50:52 IST" name="test" finished-at="2024-04-03T10:50:52 IST" duration-ms="1" status="PASS">
          <reporter-output>
          </reporter-output>
        </test-method> <!-- test -->
        <test-method signature="test()[pri:0, instance:Day11.invocationCountDemo@489115ef]" started-at="2024-04-03T10:50:52 IST" name="test" finished-at="2024-04-03T10:50:52 IST" duration-ms="1" status="PASS">
          <reporter-output>
          </reporter-output>
        </test-method> <!-- test -->
        <test-method signature="test()[pri:0, instance:Day11.invocationCountDemo@489115ef]" started-at="2024-04-03T10:50:52 IST" name="test" finished-at="2024-04-03T10:50:52 IST" duration-ms="3" status="PASS">
          <reporter-output>
          </reporter-output>
        </test-method> <!-- test -->
      </class> <!-- Day11.invocationCountDemo -->
    </test> <!-- Default test -->
  </suite> <!-- Default suite -->
</testng-results>
