<?xml version="1.0" encoding="UTF-8"?>
<!-- Generated by org.testng.reporters.JUnitXMLReporter -->
<testsuite ignored="0" hostname="HR-47" failures="0" tests="3" name="Test12" time="12.447" errors="0" timestamp="2023-09-14T20:03:17 IST">
  <testcase classname="Day11.mercurylogin" name="Capture_home_page" time="0.035"/>
  <testcase classname="Day11.mercurylogin" name="Open_URL" time="5.954"/>
  <testcase classname="Day11.mercurylogin" name="enter_Data" time="3.388"/>
</testsuite> <!-- Test12 -->
