<?xml version="1.0" encoding="UTF-8"?>
<!-- Generated by org.testng.reporters.JUnitXMLReporter -->
<testsuite ignored="0" hostname="HR-47" failures="0" tests="3" name="Test12" time="27.158" errors="0" timestamp="2024-08-05T15:59:41 IST">
  <testcase classname="Day11.mercurylogin" name="Capture_home_page" time="0.252"/>
  <testcase classname="Day11.mercurylogin" name="Open_URL" time="7.953"/>
  <testcase classname="Day11.mercurylogin" name="enter_Data" time="3.218"/>
</testsuite> <!-- Test12 -->
